<?xml version="1.0" encoding="UTF-8"?>
<!-- Generated by org.testng.reporters.JUnitXMLReporter -->
<testsuite ignored="0" hostname="DESKTOP-U039UIO" failures="2" tests="2" name="Test" time="34.366" errors="0" timestamp="2024-04-12T17:43:51 IST">
  <testcase classname="testPages.RegistrationPage_Test" name="registration" time="7.916">
    <failure type="org.openqa.selenium.ElementClickInterceptedException" message="element click intercepted: Element &amp;lt;div tabindex=&amp;quot;0&amp;quot; role=&amp;quot;button&amp;quot; aria-expanded=&amp;quot;false&amp;quot; aria-haspopup=&amp;quot;listbox&amp;quot; aria-labelledby=&amp;quot;demo-simple-select-label demo-simple-select&amp;quot; id=&amp;quot;demo-simple-select&amp;quot; class=&amp;quot;MuiSelect-select MuiSelect-outlined MuiInputBase-input MuiOutlinedInput-input css-11u53oe-MuiSelect-select-MuiInputBase-input-MuiOutlinedInput-input&amp;quot;&amp;gt;...&amp;lt;/div&amp;gt; is not clickable at point (894, 516). Other element would receive the click: &amp;lt;div class=&amp;quot;&amp;quot; style=&amp;quot;flex: 1 0 300px; margin: 15px;&amp;quot;&amp;gt;...&amp;lt;/div&amp;gt;
  (Session info: chrome=123.0.6312.86)
Build info: version: &amp;apos;4.18.1&amp;apos;, revision: &amp;apos;b1d3319b48&amp;apos;
System info: os.name: &amp;apos;Windows 10&amp;apos;, os.arch: &amp;apos;amd64&amp;apos;, os.version: &amp;apos;10.0&amp;apos;, java.version: &amp;apos;21.0.1&amp;apos;
Driver info: org.openqa.selenium.chrome.ChromeDriver
Command: [b76ba1bc24fb8f9232d3d6c1ea424c48, clickElement {id=f.F7FB5AF2D39E48785F7CB6AE9AABE38C.d.25EDE30507D680C603003F044A6B5F85.e.70}]
Capabilities {acceptInsecureCerts: false, browserName: chrome, browserVersion: 123.0.6312.86, chrome: {chromedriverVersion: 123.0.6312.122 (31f8248cdd9..., userDataDir: C:\Users\Admin\AppData\Loca...}, fedcm:accounts: true, goog:chromeOptions: {debuggerAddress: localhost:61556}, networkConnectionEnabled: false, pageLoadStrategy: normal, platformName: windows, proxy: Proxy(), se:cdp: ws://localhost:61556/devtoo..., se:cdpVersion: 123.0.6312.86, setWindowRect: true, strictFileInteractability: false, timeouts: {implicit: 0, pageLoad: 300000, script: 30000}, unhandledPromptBehavior: dismiss and notify, webauthn:extension:credBlob: true, webauthn:extension:largeBlob: true, webauthn:extension:minPinLength: true, webauthn:extension:prf: true, webauthn:virtualAuthenticators: true}
Element: [[ChromeDriver: chrome on windows (b76ba1bc24fb8f9232d3d6c1ea424c48)] -&amp;gt; xpath: /html/body/div/div/div[4]/div/div[2]/form/div/div/div/div/div/div[6]/div/div/div]
Session ID: b76ba1bc24fb8f9232d3d6c1ea424c48">
      <![CDATA[org.openqa.selenium.ElementClickInterceptedException: element click intercepted: Element <div tabindex="0" role="button" aria-expanded="false" aria-haspopup="listbox" aria-labelledby="demo-simple-select-label demo-simple-select" id="demo-simple-select" class="MuiSelect-select MuiSelect-outlined MuiInputBase-input MuiOutlinedInput-input css-11u53oe-MuiSelect-select-MuiInputBase-input-MuiOutlinedInput-input">...</div> is not clickable at point (894, 516). Other element would receive the click: <div class="" style="flex: 1 0 300px; margin: 15px;">...</div>
  (Session info: chrome=123.0.6312.86)
Build info: version: '4.18.1', revision: 'b1d3319b48'
System info: os.name: 'Windows 10', os.arch: 'amd64', os.version: '10.0', java.version: '21.0.1'
Driver info: org.openqa.selenium.chrome.ChromeDriver
Command: [b76ba1bc24fb8f9232d3d6c1ea424c48, clickElement {id=f.F7FB5AF2D39E48785F7CB6AE9AABE38C.d.25EDE30507D680C603003F044A6B5F85.e.70}]
Capabilities {acceptInsecureCerts: false, browserName: chrome, browserVersion: 123.0.6312.86, chrome: {chromedriverVersion: 123.0.6312.122 (31f8248cdd9..., userDataDir: C:\Users\Admin\AppData\Loca...}, fedcm:accounts: true, goog:chromeOptions: {debuggerAddress: localhost:61556}, networkConnectionEnabled: false, pageLoadStrategy: normal, platformName: windows, proxy: Proxy(), se:cdp: ws://localhost:61556/devtoo..., se:cdpVersion: 123.0.6312.86, setWindowRect: true, strictFileInteractability: false, timeouts: {implicit: 0, pageLoad: 300000, script: 30000}, unhandledPromptBehavior: dismiss and notify, webauthn:extension:credBlob: true, webauthn:extension:largeBlob: true, webauthn:extension:minPinLength: true, webauthn:extension:prf: true, webauthn:virtualAuthenticators: true}
Element: [[ChromeDriver: chrome on windows (b76ba1bc24fb8f9232d3d6c1ea424c48)] -> xpath: /html/body/div/div/div[4]/div/div[2]/form/div/div/div/div/div/div[6]/div/div/div]
Session ID: b76ba1bc24fb8f9232d3d6c1ea424c48
at org.openqa.selenium.remote.ErrorCodec.decode(ErrorCodec.java:167)
at org.openqa.selenium.remote.codec.w3c.W3CHttpResponseCodec.decode(W3CHttpResponseCodec.java:138)
at org.openqa.selenium.remote.codec.w3c.W3CHttpResponseCodec.decode(W3CHttpResponseCodec.java:50)
at org.openqa.selenium.remote.HttpCommandExecutor.execute(HttpCommandExecutor.java:190)
at org.openqa.selenium.remote.service.DriverCommandExecutor.invokeExecute(DriverCommandExecutor.java:216)
at org.openqa.selenium.remote.service.DriverCommandExecutor.execute(DriverCommandExecutor.java:174)
at org.openqa.selenium.remote.RemoteWebDriver.execute(RemoteWebDriver.java:519)
at org.openqa.selenium.remote.RemoteWebElement.execute(RemoteWebElement.java:223)
at org.openqa.selenium.remote.RemoteWebElement.click(RemoteWebElement.java:76)
at org.openqa.selenium.support.pagefactory.internal.LocatingElementHandler.invoke(LocatingElementHandler.java:51)
at jdk.proxy2/jdk.proxy2.$Proxy18.click(Unknown Source)
at reusableComponents.CommonMethods.click(CommonMethods.java:119)
at pageObjects.RegistrationPageObject.registration(RegistrationPageObject.java:52)
at testPages.RegistrationPage_Test.registration(RegistrationPage_Test.java:27)
at java.base/java.util.ArrayList.forEach(ArrayList.java:1596)
... Removed 30 stack frames]]>
    </failure>
  </testcase> <!-- registration -->
  <testcase classname="testPages.RegistrationPage_Test" name="registration" time="7.967">
    <failure type="org.openqa.selenium.ElementClickInterceptedException" message="element click intercepted: Element &amp;lt;div tabindex=&amp;quot;0&amp;quot; role=&amp;quot;button&amp;quot; aria-expanded=&amp;quot;false&amp;quot; aria-haspopup=&amp;quot;listbox&amp;quot; aria-labelledby=&amp;quot;demo-simple-select-label demo-simple-select&amp;quot; id=&amp;quot;demo-simple-select&amp;quot; class=&amp;quot;MuiSelect-select MuiSelect-outlined MuiInputBase-input MuiOutlinedInput-input css-11u53oe-MuiSelect-select-MuiInputBase-input-MuiOutlinedInput-input&amp;quot;&amp;gt;...&amp;lt;/div&amp;gt; is not clickable at point (894, 516). Other element would receive the click: &amp;lt;div class=&amp;quot;&amp;quot; style=&amp;quot;flex: 1 0 300px; margin: 15px;&amp;quot;&amp;gt;...&amp;lt;/div&amp;gt;
  (Session info: chrome=123.0.6312.86)
Build info: version: &amp;apos;4.18.1&amp;apos;, revision: &amp;apos;b1d3319b48&amp;apos;
System info: os.name: &amp;apos;Windows 10&amp;apos;, os.arch: &amp;apos;amd64&amp;apos;, os.version: &amp;apos;10.0&amp;apos;, java.version: &amp;apos;21.0.1&amp;apos;
Driver info: org.openqa.selenium.chrome.ChromeDriver
Command: [b891e7b7817ecbf4d520fcafb5fa3c43, clickElement {id=f.08FA2AF40FBBD08B34A8B8C542DD12A8.d.7E7AF7A2DF3EF42F900856487686CAB1.e.71}]
Capabilities {acceptInsecureCerts: false, browserName: chrome, browserVersion: 123.0.6312.86, chrome: {chromedriverVersion: 123.0.6312.122 (31f8248cdd9..., userDataDir: C:\Users\Admin\AppData\Loca...}, fedcm:accounts: true, goog:chromeOptions: {debuggerAddress: localhost:61616}, networkConnectionEnabled: false, pageLoadStrategy: normal, platformName: windows, proxy: Proxy(), se:cdp: ws://localhost:61616/devtoo..., se:cdpVersion: 123.0.6312.86, setWindowRect: true, strictFileInteractability: false, timeouts: {implicit: 0, pageLoad: 300000, script: 30000}, unhandledPromptBehavior: dismiss and notify, webauthn:extension:credBlob: true, webauthn:extension:largeBlob: true, webauthn:extension:minPinLength: true, webauthn:extension:prf: true, webauthn:virtualAuthenticators: true}
Element: [[ChromeDriver: chrome on windows (b891e7b7817ecbf4d520fcafb5fa3c43)] -&amp;gt; xpath: /html/body/div/div/div[4]/div/div[2]/form/div/div/div/div/div/div[6]/div/div/div]
Session ID: b891e7b7817ecbf4d520fcafb5fa3c43">
      <![CDATA[org.openqa.selenium.ElementClickInterceptedException: element click intercepted: Element <div tabindex="0" role="button" aria-expanded="false" aria-haspopup="listbox" aria-labelledby="demo-simple-select-label demo-simple-select" id="demo-simple-select" class="MuiSelect-select MuiSelect-outlined MuiInputBase-input MuiOutlinedInput-input css-11u53oe-MuiSelect-select-MuiInputBase-input-MuiOutlinedInput-input">...</div> is not clickable at point (894, 516). Other element would receive the click: <div class="" style="flex: 1 0 300px; margin: 15px;">...</div>
  (Session info: chrome=123.0.6312.86)
Build info: version: '4.18.1', revision: 'b1d3319b48'
System info: os.name: 'Windows 10', os.arch: 'amd64', os.version: '10.0', java.version: '21.0.1'
Driver info: org.openqa.selenium.chrome.ChromeDriver
Command: [b891e7b7817ecbf4d520fcafb5fa3c43, clickElement {id=f.08FA2AF40FBBD08B34A8B8C542DD12A8.d.7E7AF7A2DF3EF42F900856487686CAB1.e.71}]
Capabilities {acceptInsecureCerts: false, browserName: chrome, browserVersion: 123.0.6312.86, chrome: {chromedriverVersion: 123.0.6312.122 (31f8248cdd9..., userDataDir: C:\Users\Admin\AppData\Loca...}, fedcm:accounts: true, goog:chromeOptions: {debuggerAddress: localhost:61616}, networkConnectionEnabled: false, pageLoadStrategy: normal, platformName: windows, proxy: Proxy(), se:cdp: ws://localhost:61616/devtoo..., se:cdpVersion: 123.0.6312.86, setWindowRect: true, strictFileInteractability: false, timeouts: {implicit: 0, pageLoad: 300000, script: 30000}, unhandledPromptBehavior: dismiss and notify, webauthn:extension:credBlob: true, webauthn:extension:largeBlob: true, webauthn:extension:minPinLength: true, webauthn:extension:prf: true, webauthn:virtualAuthenticators: true}
Element: [[ChromeDriver: chrome on windows (b891e7b7817ecbf4d520fcafb5fa3c43)] -> xpath: /html/body/div/div/div[4]/div/div[2]/form/div/div/div/div/div/div[6]/div/div/div]
Session ID: b891e7b7817ecbf4d520fcafb5fa3c43
at org.openqa.selenium.remote.ErrorCodec.decode(ErrorCodec.java:167)
at org.openqa.selenium.remote.codec.w3c.W3CHttpResponseCodec.decode(W3CHttpResponseCodec.java:138)
at org.openqa.selenium.remote.codec.w3c.W3CHttpResponseCodec.decode(W3CHttpResponseCodec.java:50)
at org.openqa.selenium.remote.HttpCommandExecutor.execute(HttpCommandExecutor.java:190)
at org.openqa.selenium.remote.service.DriverCommandExecutor.invokeExecute(DriverCommandExecutor.java:216)
at org.openqa.selenium.remote.service.DriverCommandExecutor.execute(DriverCommandExecutor.java:174)
at org.openqa.selenium.remote.RemoteWebDriver.execute(RemoteWebDriver.java:519)
at org.openqa.selenium.remote.RemoteWebElement.execute(RemoteWebElement.java:223)
at org.openqa.selenium.remote.RemoteWebElement.click(RemoteWebElement.java:76)
at org.openqa.selenium.support.pagefactory.internal.LocatingElementHandler.invoke(LocatingElementHandler.java:51)
at jdk.proxy2/jdk.proxy2.$Proxy18.click(Unknown Source)
at reusableComponents.CommonMethods.click(CommonMethods.java:119)
at pageObjects.RegistrationPageObject.registration(RegistrationPageObject.java:52)
at testPages.RegistrationPage_Test.registration(RegistrationPage_Test.java:27)
at java.base/java.util.ArrayList.forEach(ArrayList.java:1596)
... Removed 30 stack frames]]>
    </failure>
  </testcase> <!-- registration -->
</testsuite> <!-- Test -->
